<?xml version="1.0" encoding="UTF-8" ?>
<testsuites name="vitest tests" tests="159" failures="0" errors="0" time="3.277">
    <testsuite name="src/__tests__/controllers/announcementController.test.js" timestamp="2026-04-19T08:05:15.913Z" hostname="runsc" tests="16" failures="0" errors="0" skipped="0" time="0.029162358">
        <testcase classname="src/__tests__/controllers/announcementController.test.js" name="createAnnouncement &gt; returns 401 when req.user is missing" time="0.003700669">
        </testcase>
        <testcase classname="src/__tests__/controllers/announcementController.test.js" name="createAnnouncement &gt; returns 400 when title is missing" time="0.001849236">
        </testcase>
        <testcase classname="src/__tests__/controllers/announcementController.test.js" name="createAnnouncement &gt; returns 400 when announcement message is missing" time="0.000625061">
        </testcase>
        <testcase classname="src/__tests__/controllers/announcementController.test.js" name="createAnnouncement &gt; returns 400 when recipients list is empty" time="0.000428861">
        </testcase>
        <testcase classname="src/__tests__/controllers/announcementController.test.js" name="createAnnouncement &gt; returns 201 and commits on a successful announcement" time="0.002386094">
        </testcase>
        <testcase classname="src/__tests__/controllers/announcementController.test.js" name="createAnnouncement &gt; returns 500 and calls ROLLBACK when INSERT returns no id" time="0.000703748">
        </testcase>
        <testcase classname="src/__tests__/controllers/announcementController.test.js" name="createAnnouncement &gt; calls ROLLBACK and rethrows when a DB error occurs mid-transaction" time="0.000686371">
        </testcase>
        <testcase classname="src/__tests__/controllers/announcementController.test.js" name="createAnnouncement &gt; inserts a brochure file row when a brochure is uploaded" time="0.008947667">
        </testcase>
        <testcase classname="src/__tests__/controllers/announcementController.test.js" name="createAnnouncement &gt; de-duplicates recipient ids before inserting" time="0.001310877">
        </testcase>
        <testcase classname="src/__tests__/controllers/announcementController.test.js" name="listMyAnnouncements &gt; returns 401 when req.user is missing" time="0.000644357">
        </testcase>
        <testcase classname="src/__tests__/controllers/announcementController.test.js" name="listMyAnnouncements &gt; returns the announcements list for the authenticated user" time="0.000634388">
        </testcase>
        <testcase classname="src/__tests__/controllers/announcementController.test.js" name="listMyAnnouncements &gt; uses default limit of 50 when no limit param is supplied" time="0.000556387">
        </testcase>
        <testcase classname="src/__tests__/controllers/announcementController.test.js" name="listMyAnnouncements &gt; clamps limit to a maximum of 200 (bug fix)" time="0.00042093">
        </testcase>
        <testcase classname="src/__tests__/controllers/announcementController.test.js" name="listMyAnnouncements &gt; enforces a minimum limit of 1" time="0.000313874">
        </testcase>
        <testcase classname="src/__tests__/controllers/announcementController.test.js" name="listMyAnnouncements &gt; honours a valid limit within the allowed range" time="0.000303091">
        </testcase>
        <testcase classname="src/__tests__/controllers/announcementController.test.js" name="listMyAnnouncements &gt; returns 500 on DB error" time="0.001073908">
        </testcase>
    </testsuite>
    <testsuite name="src/__tests__/controllers/authController.test.js" timestamp="2026-04-19T08:05:15.933Z" hostname="runsc" tests="16" failures="0" errors="0" skipped="0" time="0.038156031">
        <testcase classname="src/__tests__/controllers/authController.test.js" name="verifyOTP &gt; returns 400 when email is missing" time="0.00446288">
        </testcase>
        <testcase classname="src/__tests__/controllers/authController.test.js" name="verifyOTP &gt; returns 400 when otp is missing" time="0.003077403">
        </testcase>
        <testcase classname="src/__tests__/controllers/authController.test.js" name="verifyOTP &gt; returns 401 when no OTP record exists for the email" time="0.005129535">
        </testcase>
        <testcase classname="src/__tests__/controllers/authController.test.js" name="verifyOTP &gt; returns 429 when the OTP has exceeded 5 attempts" time="0.000891699">
        </testcase>
        <testcase classname="src/__tests__/controllers/authController.test.js" name="verifyOTP &gt; returns 401 when the OTP is expired" time="0.00077512">
        </testcase>
        <testcase classname="src/__tests__/controllers/authController.test.js" name="verifyOTP &gt; returns 401 and increments attempts when OTP code is wrong" time="0.001114179">
        </testcase>
        <testcase classname="src/__tests__/controllers/authController.test.js" name="verifyOTP &gt; returns 500 when user row is missing after successful OTP verification (bug fix)" time="0.002083007">
        </testcase>
        <testcase classname="src/__tests__/controllers/authController.test.js" name="verifyOTP &gt; returns 200 with a JWT and session token on successful verification" time="0.00904956">
        </testcase>
        <testcase classname="src/__tests__/controllers/authController.test.js" name="loginVerifyOTP &gt; returns 400 when email is missing" time="0.002475546">
        </testcase>
        <testcase classname="src/__tests__/controllers/authController.test.js" name="loginVerifyOTP &gt; returns 400 when otp is missing" time="0.000417528">
        </testcase>
        <testcase classname="src/__tests__/controllers/authController.test.js" name="loginVerifyOTP &gt; returns 401 when no OTP record exists" time="0.000454013">
        </testcase>
        <testcase classname="src/__tests__/controllers/authController.test.js" name="loginVerifyOTP &gt; returns 429 when too many failed OTP attempts" time="0.00033807">
        </testcase>
        <testcase classname="src/__tests__/controllers/authController.test.js" name="loginVerifyOTP &gt; returns 401 when OTP is expired" time="0.000362379">
        </testcase>
        <testcase classname="src/__tests__/controllers/authController.test.js" name="loginVerifyOTP &gt; returns 401 for a wrong OTP code" time="0.000442759">
        </testcase>
        <testcase classname="src/__tests__/controllers/authController.test.js" name="loginVerifyOTP &gt; returns 500 when user row is missing after OTP deletion (bug fix)" time="0.000619943">
        </testcase>
        <testcase classname="src/__tests__/controllers/authController.test.js" name="loginVerifyOTP &gt; returns 200 with JWT on successful login OTP verification" time="0.000723968">
        </testcase>
    </testsuite>
    <testsuite name="src/__tests__/controllers/hackathonController.test.js" timestamp="2026-04-19T08:05:15.950Z" hostname="runsc" tests="11" failures="0" errors="0" skipped="0" time="0.011023665">
        <testcase classname="src/__tests__/controllers/hackathonController.test.js" name="listHackathons — limit / offset clamping &gt; defaults limit to 20 when no limit param is provided" time="0.002550598">
        </testcase>
        <testcase classname="src/__tests__/controllers/hackathonController.test.js" name="listHackathons — limit / offset clamping &gt; defaults offset to 0 when no offset param is provided" time="0.000612517">
        </testcase>
        <testcase classname="src/__tests__/controllers/hackathonController.test.js" name="listHackathons — limit / offset clamping &gt; uses a valid limit within 1–200 as-is" time="0.000388019">
        </testcase>
        <testcase classname="src/__tests__/controllers/hackathonController.test.js" name="listHackathons — limit / offset clamping &gt; clamps limit to 200 when a value above 200 is supplied (bug fix)" time="0.000441166">
        </testcase>
        <testcase classname="src/__tests__/controllers/hackathonController.test.js" name="listHackathons — limit / offset clamping &gt; falls back to default limit of 20 when limit=0 is supplied (0 is falsy)" time="0.000678458">
        </testcase>
        <testcase classname="src/__tests__/controllers/hackathonController.test.js" name="listHackathons — limit / offset clamping &gt; enforces a minimum limit of 1 for truthy negative values (e.g. limit=-5)" time="0.000439639">
        </testcase>
        <testcase classname="src/__tests__/controllers/hackathonController.test.js" name="listHackathons — limit / offset clamping &gt; clamps negative offset to 0 (bug fix)" time="0.000304247">
        </testcase>
        <testcase classname="src/__tests__/controllers/hackathonController.test.js" name="listHackathons — limit / offset clamping &gt; uses a positive offset as-is" time="0.000297394">
        </testcase>
        <testcase classname="src/__tests__/controllers/hackathonController.test.js" name="listHackathons — limit / offset clamping &gt; falls back to limit=20 when limit is non-numeric" time="0.000530902">
        </testcase>
        <testcase classname="src/__tests__/controllers/hackathonController.test.js" name="listHackathons — response shape &gt; returns an object with a hackathons array" time="0.001729923">
        </testcase>
        <testcase classname="src/__tests__/controllers/hackathonController.test.js" name="listHackathons — response shape &gt; returns 500 on a DB error" time="0.001127366">
        </testcase>
    </testsuite>
    <testsuite name="src/__tests__/middleware/authMiddleware.test.js" timestamp="2026-04-19T08:05:15.967Z" hostname="runsc" tests="15" failures="0" errors="0" skipped="0" time="0.022481858">
        <testcase classname="src/__tests__/middleware/authMiddleware.test.js" name="requireAuth &gt; no auth headers &gt; returns 401 &apos;No token&apos; when both Authorization and x-session-token are absent" time="0.003708238">
        </testcase>
        <testcase classname="src/__tests__/middleware/authMiddleware.test.js" name="requireAuth &gt; session-token path &gt; returns 401 &apos;Invalid session&apos; when verifySession returns null" time="0.000982676">
        </testcase>
        <testcase classname="src/__tests__/middleware/authMiddleware.test.js" name="requireAuth &gt; session-token path &gt; returns 401 &apos;User not found&apos; when session is valid but user not in DB" time="0.004983161">
            <system-out>
{&quot;@timestamp&quot;:&quot;2026-04-19T08:05:15.761Z&quot;,&quot;db.statement&quot;:&quot;SELECT id, role FROM users WHERE id = $1&quot;,&quot;ecs.version&quot;:&quot;8.10.0&quot;,&quot;log.level&quot;:&quot;debug&quot;,&quot;message&quot;:&quot;db.query.start&quot;,&quot;service.environment&quot;:&quot;test&quot;,&quot;service.name&quot;:&quot;drms-backend&quot;,&quot;service.version&quot;:&quot;1.0.0&quot;}
{&quot;@timestamp&quot;:&quot;2026-04-19T08:05:15.764Z&quot;,&quot;db.statement&quot;:&quot;SELECT id, role FROM users WHERE id = $1&quot;,&quot;ecs.version&quot;:&quot;8.10.0&quot;,&quot;event.duration_ms&quot;:3.92,&quot;log.level&quot;:&quot;info&quot;,&quot;message&quot;:&quot;db.query.complete&quot;,&quot;service.environment&quot;:&quot;test&quot;,&quot;service.name&quot;:&quot;drms-backend&quot;,&quot;service.version&quot;:&quot;1.0.0&quot;}

            </system-out>
        </testcase>
        <testcase classname="src/__tests__/middleware/authMiddleware.test.js" name="requireAuth &gt; session-token path &gt; sets req.user, calls next() and extends session on valid session token" time="0.001066497">
            <system-out>
{&quot;@timestamp&quot;:&quot;2026-04-19T08:05:15.765Z&quot;,&quot;db.statement&quot;:&quot;SELECT id, role FROM users WHERE id = $1&quot;,&quot;ecs.version&quot;:&quot;8.10.0&quot;,&quot;log.level&quot;:&quot;debug&quot;,&quot;message&quot;:&quot;db.query.start&quot;,&quot;service.environment&quot;:&quot;test&quot;,&quot;service.name&quot;:&quot;drms-backend&quot;,&quot;service.version&quot;:&quot;1.0.0&quot;}
{&quot;@timestamp&quot;:&quot;2026-04-19T08:05:15.765Z&quot;,&quot;db.statement&quot;:&quot;SELECT id, role FROM users WHERE id = $1&quot;,&quot;ecs.version&quot;:&quot;8.10.0&quot;,&quot;event.duration_ms&quot;:0.21,&quot;log.level&quot;:&quot;info&quot;,&quot;message&quot;:&quot;db.query.complete&quot;,&quot;service.environment&quot;:&quot;test&quot;,&quot;service.name&quot;:&quot;drms-backend&quot;,&quot;service.version&quot;:&quot;1.0.0&quot;}

            </system-out>
        </testcase>
        <testcase classname="src/__tests__/middleware/authMiddleware.test.js" name="requireAuth &gt; session-token path &gt; returns 401 when session verification throws" time="0.000681103">
        </testcase>
        <testcase classname="src/__tests__/middleware/authMiddleware.test.js" name="requireAuth &gt; Bearer token path &gt; returns 401 &apos;Invalid token format&apos; when Authorization header has no token after &apos;Bearer &apos;" time="0.001983778">
        </testcase>
        <testcase classname="src/__tests__/middleware/authMiddleware.test.js" name="requireAuth &gt; Bearer token path &gt; calls next() and sets req.user for a valid Bearer JWT without sid" time="0.000555957">
        </testcase>
        <testcase classname="src/__tests__/middleware/authMiddleware.test.js" name="requireAuth &gt; Bearer token path &gt; returns 401 &apos;Token expired&apos; for an expired JWT" time="0.000540909">
        </testcase>
        <testcase classname="src/__tests__/middleware/authMiddleware.test.js" name="requireAuth &gt; Bearer token path &gt; returns 401 &apos;Invalid token&apos; for a malformed JWT" time="0.000758683">
        </testcase>
        <testcase classname="src/__tests__/middleware/authMiddleware.test.js" name="requireAuth &gt; Bearer token path &gt; returns 401 &apos;Session revoked&apos; when JWT has sid but session is no longer active" time="0.001782655">
        </testcase>
        <testcase classname="src/__tests__/middleware/authMiddleware.test.js" name="requireAuth &gt; Bearer token path &gt; calls next() when JWT has sid and session is still active" time="0.000485356">
        </testcase>
        <testcase classname="src/__tests__/middleware/authMiddleware.test.js" name="optionalAuth &gt; calls next() without setting req.user when no auth headers are present" time="0.000450979">
        </testcase>
        <testcase classname="src/__tests__/middleware/authMiddleware.test.js" name="optionalAuth &gt; sets req.user and calls next() for a valid session token" time="0.000730667">
            <system-out>
{&quot;@timestamp&quot;:&quot;2026-04-19T08:05:15.774Z&quot;,&quot;db.statement&quot;:&quot;SELECT id, role FROM users WHERE id = $1&quot;,&quot;ecs.version&quot;:&quot;8.10.0&quot;,&quot;log.level&quot;:&quot;debug&quot;,&quot;message&quot;:&quot;db.query.start&quot;,&quot;service.environment&quot;:&quot;test&quot;,&quot;service.name&quot;:&quot;drms-backend&quot;,&quot;service.version&quot;:&quot;1.0.0&quot;}
{&quot;@timestamp&quot;:&quot;2026-04-19T08:05:15.774Z&quot;,&quot;db.statement&quot;:&quot;SELECT id, role FROM users WHERE id = $1&quot;,&quot;ecs.version&quot;:&quot;8.10.0&quot;,&quot;event.duration_ms&quot;:0.26,&quot;log.level&quot;:&quot;info&quot;,&quot;message&quot;:&quot;db.query.complete&quot;,&quot;service.environment&quot;:&quot;test&quot;,&quot;service.name&quot;:&quot;drms-backend&quot;,&quot;service.version&quot;:&quot;1.0.0&quot;}

            </system-out>
        </testcase>
        <testcase classname="src/__tests__/middleware/authMiddleware.test.js" name="optionalAuth &gt; sets req.user and calls next() for a valid Bearer JWT" time="0.00028386">
        </testcase>
        <testcase classname="src/__tests__/middleware/authMiddleware.test.js" name="optionalAuth &gt; returns 401 &apos;Token expired&apos; for expired JWT in optionalAuth" time="0.000390405">
        </testcase>
    </testsuite>
    <testsuite name="src/__tests__/middleware/requestLogger.test.js" timestamp="2026-04-19T08:05:15.995Z" hostname="runsc" tests="14" failures="0" errors="0" skipped="0" time="0.023364662">
        <testcase classname="src/__tests__/middleware/requestLogger.test.js" name="request log — url.path &gt; logs the full originalUrl path, not the router-scoped req.path" time="0.003462371">
        </testcase>
        <testcase classname="src/__tests__/middleware/requestLogger.test.js" name="request log — url.path &gt; strips query string from url.path" time="0.000826715">
        </testcase>
        <testcase classname="src/__tests__/middleware/requestLogger.test.js" name="response log — url.path &gt; logs the full originalUrl path on finish, not the router-scoped req.path" time="0.00205967">
        </testcase>
        <testcase classname="src/__tests__/middleware/requestLogger.test.js" name="response log — url.path &gt; logs the full path for nested routes like /api/announcements/mine" time="0.000520501">
        </testcase>
        <testcase classname="src/__tests__/middleware/requestLogger.test.js" name="response log — url.path &gt; request and response logs record the same url.path" time="0.00059337">
        </testcase>
        <testcase classname="src/__tests__/middleware/requestLogger.test.js" name="abort log — url.path &gt; logs the full originalUrl path when the client disconnects before a response" time="0.000582443">
        </testcase>
        <testcase classname="src/__tests__/middleware/requestLogger.test.js" name="correlation ID &gt; reuses a valid client-supplied X-Correlation-ID" time="0.00048056">
        </testcase>
        <testcase classname="src/__tests__/middleware/requestLogger.test.js" name="correlation ID &gt; generates a new UUID when the supplied correlation ID is invalid" time="0.000979322">
        </testcase>
        <testcase classname="src/__tests__/middleware/requestLogger.test.js" name="response log level &gt; uses &apos;200&apos; level for HTTP NaN" time="0.002595569">
        </testcase>
        <testcase classname="src/__tests__/middleware/requestLogger.test.js" name="response log level &gt; uses &apos;302&apos; level for HTTP NaN" time="0.006872427">
        </testcase>
        <testcase classname="src/__tests__/middleware/requestLogger.test.js" name="response log level &gt; uses &apos;400&apos; level for HTTP NaN" time="0.000484287">
        </testcase>
        <testcase classname="src/__tests__/middleware/requestLogger.test.js" name="response log level &gt; uses &apos;404&apos; level for HTTP NaN" time="0.000527891">
        </testcase>
        <testcase classname="src/__tests__/middleware/requestLogger.test.js" name="response log level &gt; uses &apos;500&apos; level for HTTP NaN" time="0.000374946">
        </testcase>
        <testcase classname="src/__tests__/middleware/requestLogger.test.js" name="response log level &gt; uses &apos;503&apos; level for HTTP NaN" time="0.000456739">
        </testcase>
    </testsuite>
    <testsuite name="src/__tests__/middleware/roleAuth.test.js" timestamp="2026-04-19T08:05:16.016Z" hostname="runsc" tests="6" failures="0" errors="0" skipped="0" time="0.009949237">
        <testcase classname="src/__tests__/middleware/roleAuth.test.js" name="requireRole middleware &gt; calls next() when the user has an allowed role" time="0.002402375">
        </testcase>
        <testcase classname="src/__tests__/middleware/roleAuth.test.js" name="requireRole middleware &gt; returns 403 when the user&apos;s role is not in the allowed list" time="0.0026078">
        </testcase>
        <testcase classname="src/__tests__/middleware/roleAuth.test.js" name="requireRole middleware &gt; returns 401 when req.user is undefined" time="0.000925481">
        </testcase>
        <testcase classname="src/__tests__/middleware/roleAuth.test.js" name="requireRole middleware &gt; allows any role listed in the allowed array" time="0.000507867">
        </testcase>
        <testcase classname="src/__tests__/middleware/roleAuth.test.js" name="requireRole middleware &gt; rejects a role not in a multi-role allowed list" time="0.000517403">
        </testcase>
        <testcase classname="src/__tests__/middleware/roleAuth.test.js" name="requireRole middleware &gt; rejects when allowedRoles is empty" time="0.000331474">
        </testcase>
    </testsuite>
    <testsuite name="src/__tests__/middleware/validate.test.js" timestamp="2026-04-19T08:05:16.028Z" hostname="runsc" tests="7" failures="0" errors="0" skipped="0" time="0.024447192">
        <testcase classname="src/__tests__/middleware/validate.test.js" name="validate middleware &gt; calls next() and replaces req.body with sanitized value on valid input" time="0.00474993">
        </testcase>
        <testcase classname="src/__tests__/middleware/validate.test.js" name="validate middleware &gt; returns 400 with errors array on invalid input" time="0.012420591">
        </testcase>
        <testcase classname="src/__tests__/middleware/validate.test.js" name="validate middleware &gt; collects all validation errors (abortEarly: false)" time="0.000974133">
        </testcase>
        <testcase classname="src/__tests__/middleware/validate.test.js" name="validate middleware &gt; strips unknown fields from req.body (stripUnknown: true)" time="0.001549486">
        </testcase>
        <testcase classname="src/__tests__/middleware/validate.test.js" name="validate middleware &gt; coerces string numbers to numbers (convert: true)" time="0.000946439">
        </testcase>
        <testcase classname="src/__tests__/middleware/validate.test.js" name="validate middleware &gt; handles undefined req.body gracefully (defaults to {})" time="0.000907885">
        </testcase>
        <testcase classname="src/__tests__/middleware/validate.test.js" name="validate middleware &gt; error details include field path and message" time="0.00061685">
        </testcase>
    </testsuite>
    <testsuite name="src/__tests__/services/reviewService.test.js" timestamp="2026-04-19T08:05:16.036Z" hostname="runsc" tests="23" failures="0" errors="0" skipped="0" time="0.032184222">
        <testcase classname="src/__tests__/services/reviewService.test.js" name="ReviewError &gt; is an instance of Error" time="0.001387647">
        </testcase>
        <testcase classname="src/__tests__/services/reviewService.test.js" name="ReviewError &gt; stores the HTTP status code" time="0.001479212">
        </testcase>
        <testcase classname="src/__tests__/services/reviewService.test.js" name="ReviewError &gt; stores the message" time="0.002301817">
        </testcase>
        <testcase classname="src/__tests__/services/reviewService.test.js" name="reviewProject &gt; returns success message on approve" time="0.004762474">
        </testcase>
        <testcase classname="src/__tests__/services/reviewService.test.js" name="reviewProject &gt; returns success message on reject" time="0.000467389">
        </testcase>
        <testcase classname="src/__tests__/services/reviewService.test.js" name="reviewProject &gt; passes &apos;approved&apos; status to DB on approve action" time="0.00039928">
        </testcase>
        <testcase classname="src/__tests__/services/reviewService.test.js" name="reviewProject &gt; passes &apos;rejected&apos; status to DB on reject action" time="0.000335712">
        </testcase>
        <testcase classname="src/__tests__/services/reviewService.test.js" name="reviewProject &gt; sends an email notification to the project creator on approve" time="0.000656963">
        </testcase>
        <testcase classname="src/__tests__/services/reviewService.test.js" name="reviewProject &gt; sends an email notification on reject" time="0.000618866">
        </testcase>
        <testcase classname="src/__tests__/services/reviewService.test.js" name="reviewProject &gt; throws ReviewError(403) when staff is not an activity coordinator" time="0.001209908">
        </testcase>
        <testcase classname="src/__tests__/services/reviewService.test.js" name="reviewProject &gt; throws ReviewError(404) when project is not found" time="0.000338633">
        </testcase>
        <testcase classname="src/__tests__/services/reviewService.test.js" name="reviewProject &gt; skips email when creator has no email row in the DB" time="0.000619761">
        </testcase>
        <testcase classname="src/__tests__/services/reviewService.test.js" name="reviewProject &gt; skips email when created_by is null/undefined" time="0.000232862">
        </testcase>
        <testcase classname="src/__tests__/services/reviewService.test.js" name="reviewProject &gt; does not throw when email sending fails (logs error instead)" time="0.000655131">
        </testcase>
        <testcase classname="src/__tests__/services/reviewService.test.js" name="reviewAchievement &gt; returns success message on approve" time="0.000585818">
        </testcase>
        <testcase classname="src/__tests__/services/reviewService.test.js" name="reviewAchievement &gt; returns success message on reject" time="0.000355157">
        </testcase>
        <testcase classname="src/__tests__/services/reviewService.test.js" name="reviewAchievement &gt; passes &apos;approved&apos; status and verified=true to DB on approve" time="0.000310723">
        </testcase>
        <testcase classname="src/__tests__/services/reviewService.test.js" name="reviewAchievement &gt; passes &apos;rejected&apos; status and verified=false to DB on reject" time="0.000277598">
        </testcase>
        <testcase classname="src/__tests__/services/reviewService.test.js" name="reviewAchievement &gt; sends email to achievement owner on approve" time="0.000280261">
        </testcase>
        <testcase classname="src/__tests__/services/reviewService.test.js" name="reviewAchievement &gt; throws ReviewError(403) when staff is not an activity coordinator" time="0.000221713">
        </testcase>
        <testcase classname="src/__tests__/services/reviewService.test.js" name="reviewAchievement &gt; throws ReviewError(404) when achievement is not found" time="0.006719458">
        </testcase>
        <testcase classname="src/__tests__/services/reviewService.test.js" name="reviewAchievement &gt; does not throw when email sending fails (logs error instead)" time="0.00050945">
        </testcase>
        <testcase classname="src/__tests__/services/reviewService.test.js" name="reviewAchievement &gt; uses null for comment when none is provided" time="0.002124865">
        </testcase>
    </testsuite>
    <testsuite name="src/__tests__/utils/otpGenerator.test.js" timestamp="2026-04-19T08:05:16.067Z" hostname="runsc" tests="9" failures="0" errors="0" skipped="0" time="0.006790341">
        <testcase classname="src/__tests__/utils/otpGenerator.test.js" name="otpGenerator &gt; generateOTP &gt; returns a string" time="0.001732017">
        </testcase>
        <testcase classname="src/__tests__/utils/otpGenerator.test.js" name="otpGenerator &gt; generateOTP &gt; returns exactly 6 characters" time="0.001054488">
        </testcase>
        <testcase classname="src/__tests__/utils/otpGenerator.test.js" name="otpGenerator &gt; generateOTP &gt; contains only digit characters" time="0.000222556">
        </testcase>
        <testcase classname="src/__tests__/utils/otpGenerator.test.js" name="otpGenerator &gt; generateOTP &gt; is in the range 100000–999999" time="0.000450447">
        </testcase>
        <testcase classname="src/__tests__/utils/otpGenerator.test.js" name="otpGenerator &gt; generateOTP &gt; produces different values on repeated calls (probabilistic)" time="0.000324608">
        </testcase>
        <testcase classname="src/__tests__/utils/otpGenerator.test.js" name="otpGenerator &gt; getExpiryDate &gt; returns a Date object" time="0.000336612">
        </testcase>
        <testcase classname="src/__tests__/utils/otpGenerator.test.js" name="otpGenerator &gt; getExpiryDate &gt; defaults to 5 minutes from now" time="0.000313952">
        </testcase>
        <testcase classname="src/__tests__/utils/otpGenerator.test.js" name="otpGenerator &gt; getExpiryDate &gt; accepts a custom minutes value" time="0.00021794">
        </testcase>
        <testcase classname="src/__tests__/utils/otpGenerator.test.js" name="otpGenerator &gt; getExpiryDate &gt; returns a date in the future" time="0.000240307">
        </testcase>
    </testsuite>
    <testsuite name="src/__tests__/utils/queryBuilder.test.js" timestamp="2026-04-19T08:05:16.079Z" hostname="runsc" tests="11" failures="0" errors="0" skipped="0" time="0.006815721">
        <testcase classname="src/__tests__/utils/queryBuilder.test.js" name="QueryBuilder &gt; build() with only a base returns just the base SQL" time="0.001997446">
        </testcase>
        <testcase classname="src/__tests__/utils/queryBuilder.test.js" name="QueryBuilder &gt; addWhere adds a WHERE clause for a single condition" time="0.00042642">
        </testcase>
        <testcase classname="src/__tests__/utils/queryBuilder.test.js" name="QueryBuilder &gt; multiple addWhere calls are joined with AND" time="0.000196541">
        </testcase>
        <testcase classname="src/__tests__/utils/queryBuilder.test.js" name="QueryBuilder &gt; addJoin inserts a JOIN clause before the WHERE block" time="0.000314392">
        </testcase>
        <testcase classname="src/__tests__/utils/queryBuilder.test.js" name="QueryBuilder &gt; addParam returns sequential placeholders $1, $2, ..." time="0.000276103">
        </testcase>
        <testcase classname="src/__tests__/utils/queryBuilder.test.js" name="QueryBuilder &gt; addParam populates the values array in order" time="0.000260172">
        </testcase>
        <testcase classname="src/__tests__/utils/queryBuilder.test.js" name="QueryBuilder &gt; build(suffix) appends suffix after WHERE" time="0.000161136">
        </testcase>
        <testcase classname="src/__tests__/utils/queryBuilder.test.js" name="QueryBuilder &gt; build(suffix) without WHERE still appends suffix" time="0.000197624">
        </testcase>
        <testcase classname="src/__tests__/utils/queryBuilder.test.js" name="QueryBuilder &gt; addJoin and addWhere return this for fluent chaining" time="0.000518051">
        </testcase>
        <testcase classname="src/__tests__/utils/queryBuilder.test.js" name="QueryBuilder &gt; does not emit WHERE keyword when no conditions added" time="0.00031258">
        </testcase>
        <testcase classname="src/__tests__/utils/queryBuilder.test.js" name="QueryBuilder &gt; param placeholders in JOINs and WHEREs reference correct values" time="0.000481762">
        </testcase>
    </testsuite>
    <testsuite name="src/__tests__/utils/sessionUtils.test.js" timestamp="2026-04-19T08:05:16.091Z" hostname="runsc" tests="23" failures="0" errors="0" skipped="0" time="0.022805779">
        <testcase classname="src/__tests__/utils/sessionUtils.test.js" name="sessionUtils — pure functions &gt; generateSessionToken &gt; returns a 64-character hexadecimal string" time="0.003369777">
        </testcase>
        <testcase classname="src/__tests__/utils/sessionUtils.test.js" name="sessionUtils — pure functions &gt; generateSessionToken &gt; returns unique values across consecutive calls" time="0.003302273">
        </testcase>
        <testcase classname="src/__tests__/utils/sessionUtils.test.js" name="sessionUtils — pure functions &gt; getSessionExpiryDate &gt; returns a Date instance" time="0.00245082">
        </testcase>
        <testcase classname="src/__tests__/utils/sessionUtils.test.js" name="sessionUtils — pure functions &gt; getSessionExpiryDate &gt; returns a date approximately 90 days in the future" time="0.000338811">
        </testcase>
        <testcase classname="src/__tests__/utils/sessionUtils.test.js" name="sessionUtils — DB functions (pool mocked) &gt; createSession &gt; calls pool.query and returns the created session row" time="0.001769505">
        </testcase>
        <testcase classname="src/__tests__/utils/sessionUtils.test.js" name="sessionUtils — DB functions (pool mocked) &gt; createSession &gt; stores null for deviceInfo when not provided" time="0.000500375">
        </testcase>
        <testcase classname="src/__tests__/utils/sessionUtils.test.js" name="sessionUtils — DB functions (pool mocked) &gt; createSession &gt; serialises deviceInfo as JSON when provided" time="0.000410495">
        </testcase>
        <testcase classname="src/__tests__/utils/sessionUtils.test.js" name="sessionUtils — DB functions (pool mocked) &gt; createSession &gt; propagates DB errors" time="0.001662055">
        </testcase>
        <testcase classname="src/__tests__/utils/sessionUtils.test.js" name="sessionUtils — DB functions (pool mocked) &gt; verifySession &gt; returns the session row when found" time="0.000497621">
        </testcase>
        <testcase classname="src/__tests__/utils/sessionUtils.test.js" name="sessionUtils — DB functions (pool mocked) &gt; verifySession &gt; returns null when no matching session exists" time="0.0003181">
        </testcase>
        <testcase classname="src/__tests__/utils/sessionUtils.test.js" name="sessionUtils — DB functions (pool mocked) &gt; verifySession &gt; propagates DB errors" time="0.000353588">
        </testcase>
        <testcase classname="src/__tests__/utils/sessionUtils.test.js" name="sessionUtils — DB functions (pool mocked) &gt; extendSession &gt; returns the updated session when token is valid" time="0.0003211">
        </testcase>
        <testcase classname="src/__tests__/utils/sessionUtils.test.js" name="sessionUtils — DB functions (pool mocked) &gt; extendSession &gt; returns null when token is not found or inactive" time="0.000944936">
        </testcase>
        <testcase classname="src/__tests__/utils/sessionUtils.test.js" name="sessionUtils — DB functions (pool mocked) &gt; getUserActiveSessions &gt; returns array of active sessions for a user" time="0.00099077">
        </testcase>
        <testcase classname="src/__tests__/utils/sessionUtils.test.js" name="sessionUtils — DB functions (pool mocked) &gt; getUserActiveSessions &gt; returns empty array when user has no active sessions" time="0.000383537">
        </testcase>
        <testcase classname="src/__tests__/utils/sessionUtils.test.js" name="sessionUtils — DB functions (pool mocked) &gt; hasValidSession &gt; returns true when a valid session exists" time="0.0004216">
        </testcase>
        <testcase classname="src/__tests__/utils/sessionUtils.test.js" name="sessionUtils — DB functions (pool mocked) &gt; hasValidSession &gt; returns false when no valid session exists" time="0.000252382">
        </testcase>
        <testcase classname="src/__tests__/utils/sessionUtils.test.js" name="sessionUtils — DB functions (pool mocked) &gt; invalidateSession &gt; returns true when a session was successfully invalidated" time="0.000291106">
        </testcase>
        <testcase classname="src/__tests__/utils/sessionUtils.test.js" name="sessionUtils — DB functions (pool mocked) &gt; invalidateSession &gt; returns false when token was not found" time="0.000208388">
        </testcase>
        <testcase classname="src/__tests__/utils/sessionUtils.test.js" name="sessionUtils — DB functions (pool mocked) &gt; invalidateAllUserSessions &gt; returns the number of sessions invalidated" time="0.000332107">
        </testcase>
        <testcase classname="src/__tests__/utils/sessionUtils.test.js" name="sessionUtils — DB functions (pool mocked) &gt; invalidateAllUserSessions &gt; returns 0 when user had no sessions" time="0.000197381">
        </testcase>
        <testcase classname="src/__tests__/utils/sessionUtils.test.js" name="sessionUtils — DB functions (pool mocked) &gt; cleanupExpiredSessions &gt; returns the count of deleted sessions" time="0.000223057">
        </testcase>
        <testcase classname="src/__tests__/utils/sessionUtils.test.js" name="sessionUtils — DB functions (pool mocked) &gt; cleanupExpiredSessions &gt; issues a DELETE query" time="0.000195422">
        </testcase>
    </testsuite>
    <testsuite name="src/__tests__/utils/tokenUtils.test.js" timestamp="2026-04-19T08:05:16.113Z" hostname="runsc" tests="8" failures="0" errors="0" skipped="0" time="0.022955729">
        <testcase classname="src/__tests__/utils/tokenUtils.test.js" name="tokenUtils &gt; signToken &gt; produces a non-empty JWT string" time="0.004508303">
        </testcase>
        <testcase classname="src/__tests__/utils/tokenUtils.test.js" name="tokenUtils &gt; signToken &gt; encodes the payload in the token" time="0.00958451">
        </testcase>
        <testcase classname="src/__tests__/utils/tokenUtils.test.js" name="tokenUtils &gt; signToken &gt; respects a custom expiresIn value" time="0.000888225">
        </testcase>
        <testcase classname="src/__tests__/utils/tokenUtils.test.js" name="tokenUtils &gt; signToken &gt; defaults expiry to 1 hour" time="0.000636599">
        </testcase>
        <testcase classname="src/__tests__/utils/tokenUtils.test.js" name="tokenUtils &gt; verifyToken &gt; returns the decoded payload for a valid token" time="0.002049648">
        </testcase>
        <testcase classname="src/__tests__/utils/tokenUtils.test.js" name="tokenUtils &gt; verifyToken &gt; throws TokenExpiredError for an expired token" time="0.001490393">
        </testcase>
        <testcase classname="src/__tests__/utils/tokenUtils.test.js" name="tokenUtils &gt; verifyToken &gt; throws JsonWebTokenError for a tampered token" time="0.000535709">
        </testcase>
        <testcase classname="src/__tests__/utils/tokenUtils.test.js" name="tokenUtils &gt; verifyToken &gt; throws for a completely invalid string" time="0.000222013">
        </testcase>
    </testsuite>
</testsuites>
